std;1;100;1000;6.16648197174e-05

std;1;1000;1000;4.16510105133e-05

std;1;10000;1000;7.18729496002e-05

std;1;100000;1000;0.000145713806152
std;1;1000000;1000;0.00076652097702
5
user;1;100;10000;1.42726898193e-05
std;1;100;10000;3.89163970947e-05
5
std;1;1000;10000;3.57162952423e-05
5
user;1;100000;10000;1.47051095963e-05
std;1;10000;10000;4.51808929443e-05
06
std;1;100000;10000;9.16303873062euser;2;1000;500;6.20718002319e-05
user;2;10000;500;3.30438613892e-05
user;2;100000;500;6.09798431396e-05
user;2;1000000;500;6.06942176819e-05
user;2;100;5000;4.08055782318e-05
user;2;1000;5000;4.64313983917e-05
88
user;2;10000;5000;5.45497894287e-05
2;1000;500;6.33478164673e-05
user;2;100000;5000;3.4139585495e-0stuser;2;1000000;5000;5.47128200531std;2user;4;100;250;0.00013552856445std;2;100;5000;7.01372146606e-05
05
std;2;1000;5000;5.79594135284e-05

std;2;10000;5000;8.88279914856e-05

std;2;100000;5000;0.000136166620255
user;4;100;2500;0.000104333209991
user;4;1000;2500;9.10123825073e-05
user;4;10000;2500;8.25204849243e-05
user;4;100000;2500;0.000103519248962
user;4;1000000;2500;8.9112377166std;4;user;8;100;125;0.0002782707std;4;user;8;1000;125;0.0001546974std;4;user;8;10000;125;0.0002859191std;4;user;8;100000;125;0.000153863std;4;user;8;1000000;125;0.000281std;4;1000user;8;100;1250;0.000143std;4;1000user;8;1000;1250;0.000145std;4;1000user;8;10000;1250;0.000147576904297
user;8;100000;1250;0.000148881721497
user;8;1000000;1250;0.000183445549011suser;12;100;83;0.00023857943983suser;12;1000;83;0.00042952974158stuser;12;10000;83;0.0004263498696stduser;12;100000;83;0.000427783253std;user;12;1000000;83;0.00042603389std;8user;12;100;833;0.0002873181std;8user;12;1000;833;0.000318509190022
10000;1250;0.000204619216919
std;8;100000;1250;0.00029804725647

std;8;1000000;1250;0.000844857597351
std;12;100;83;0.000282347920429
79406
user;16;100;62;0.00622537059169

user;16;1000;62;0.00345506591182

user;16;10000;62;0.00329462943539

user;16;100000;62;0.00333163046068
user;16;1000000;62;0.003316967718stduser;16;100;625;0.00058502693std;12;10000;833;0.000352668876694
std;12;100000;833;0.000730438392703
std;12;1000000;833;0.000996788581308
r;16;10000;625;0.000580727767944
user;16;100000;625;0.000589819335938
user;16;1000000;625;0.000568995std;16;user;20;100;50;0.00683568std;16;user;20;1000;50;0.00675133std;16;user;20;10000;50;0.00724621std;16;user;20;100000;50;0.00706112std;16;user;20;1000000;50;0.00667std;16;10user;20;100;500;0.0009864std;16;10user;20;1000;500;0.0010124std;16;1user;20;10000;500;0.0009796std;16;10user;20;100000;500;0.001020std;20;10user;20;1000000;500;0std;20;1000;50;0.user;24;100;41;0.0103497795942
user;24;1000;41;0.0107927787595
user;24;10000;41;0.0111751963453

user;24;100000;41;0.0123496055603
user;24;1000000;41;0.01217785695stuser;24;100;416;0.001913872475stduser;24;1000;416;0.001499206973stduser;24;10000;416;0.001474963930stduser;24;100000;416;0.001688901621stduser;24;1000000;416;0.00153std;24;1000;41;0.0114792439996
std;24;10000;41;0.0111411490091
std;24;100000;41;0.012251731826
std;24;1000000;41;0.0191262931359
std;24;100;416;0.00156130985572
std;24;1000;416;0.00181968510151
std;24;10000;416;0.00154758416689
std;24;100000;416;0.00171116567575
std;24;1000000;416;0.00275103117411
