1;1000;3.32832336426e-07
1;1000;1.6713142395e-07

1;1000;3.26156616211e-07
1;1000;3.30924987793e-07
1;1000;3.55005264282e-07
1;10000;1.87015533447e-07
1;10000;3.36003303528e-07
1;10000;3.42297554016e-07
1;10000;3.33595275879e-07
1;10000;1.78098678589e-07
2;1000;1.051902771e-06
6
2;1000;1.09481811523e-06
2;1000;1.0290145874e-06

2;1000;1.0359287262e-06

2;1000;1.06287002563e-06
2;10000;5.91397285461e-07
2;10000;1.06430053711e-0622;10000;9.82117652893e-0722;10000;5.81192970276e-0722;10000;1.04568004608e-0644;1000;1.91402435303e-0644;1000;1.93190574646e-0644;1000;1.94001197815e-0644;1000;1.17421150208e-064;1000;1.89089775085e-06

4;10000;1.76138877869e-06
4;10000;2.54650115967e-06
4;10000;2.9422044754e-06

4;10000;1.07700824738e-06
4;10000;2.9100894928e-06

8;1000;4.31680679321e-06
8;1000;4.49085235596e-06
8;1000;4.2450428009e-06

8;1000;4.59790229797e-06
8;1000;5.45287132263e-06
8;10000;4.4713973999e-06

8;10000;4.36849594116e-06
8;10000;4.03251647949e-06
8;10000;4.18338775635e-06
8;10000;4.15930747986e-06
12;1000;6.02190494537e-05
12;1000;6.19196891785e-06112;1000;5.87892532349e-06112;1000;5.07616996765e-06112;1000;6.66499137878e-06112;10000;4.68549728394e-01212;10000;6.01551532745e-12;12;10000;6.01489543915e-12;12;10000;5.85110187531e-12;12;10000;4.86350059509e-16;16;1000;3.23638916016e-16;16;1000;5.42941093445e-16;16;1000;4.61277961731e-16;16;1000;3.31780910492e-16;16;1000;0.000488894939416;16;10000;3.17726135254e-16;16;10000;1.100730896e-05116;10000;1.23944997787e-05116;10000;5.82773923874e-05
6;10000;1.10810995102e-05
16;10000;2.7123093605e-05
20;1000;0.000169255971909
20;1000;0.000176457166672
20;1000;0.000364912986755
20;1000;0.000309853076935
20;1000;0.000263128042221

20;10000;2.92306900024e-05220;10000;4.12981987e-05
5
20;10000;2.75242805481e-05
20;10000;3.25992107391e-05
24;1000;0.000157076120377

24;1000;0.00027835392952

24;1000;0.000207586050034
24;1000;0.000242829799652
24;1000;0.000174695968628224;1000;0.000237046957016
24;10000;2.58738994598e-05
24;10000;3.93337011337e-05
24;10000;4.72115039825e-05
24;10000;3.70213985443e-05
24;10000;4.91194963455e-05
