user;1;100;1000;8.77857208252e-07std;1;1000;1000;5.89909553528e-05
7
std;1;10000;1000;6.35411739349e-05

std;1;100000;1000;0.000125675201416

std;1;1000000;1000;0.000728785991669

user;1;100;10000;8.65793228149e-07
std;1;100;10000;3.01541090012e-05
7
user;1;10000;10000;8.66413116455e-07
std;1;1000;10000;3.56462955475e-05
07
std;1;10000;10000;4.34849977493e-05
07
std;1;100000;10000;7.23583936691euser;2;1000;500;4.57558631897e-05
user;2;10000;500;5.29160499573e-05
user;2;100000;500;0.000128935813904
user;2;1000000;500;0.00071740436554
user;2;100;5000;4.17528152466e-05
166
user;2;1000;5000;3.03800106049e-stduser;2;10000;5000;5.1770210266std;2;user;2;100000;5000;9.9033164std;2;100000;500;0.000177628040314
std;2;1000000;500;0.00105650186539
std;2;100;5000;5.47751903534e-05
std;2;1000;5000;5.53152084351e-05
std;2;10000;5000;5.99641799927e-05
25
std;2;100000;5000;0.000137822771072
r;4;1000;250;0.000106043815613
user;4;10000;250;0.000159352302551
user;4;100000;250;0.000383568763733
user;4;1000000;250;0.00218282413483
user;4;100;2500;0.000101053619385
42
user;4;1000;2500;0.0001000171661stduser;4;10000;2500;0.0001164048std;4;user;4;100000;2500;0.000266278362274
000;250;0.000236448287964
std;4;1000000;250;0.00150247192383
std;4;100;2500;0.000128875923157
std;4;1000;2500;6.60999298096e-05
std;4;10000;2500;6.14992141724e-05
6
std;4;100000;2500;0.0001621932029user;8;1000;125;0.000300374984741
user;8;10000;125;0.000428457260132
user;8;100000;125;0.00104759979248
user;8;1000000;125;0.00558378410339
user;8;100;1250;0.000235014533997
d;8;1000;125;5.97839355469e-05
user;8;1000;1250;0.000190537643433suser;8;10000;1250;0.00022133903503stuser;8;100000;1250;0.000599559211std;8;100;1250;7.48888015747e-05
std;8;1000;1250;6.33623123169e-05
std;8;10000;1250;8.58688354492e-05
std;8;100000;1250;0.000199294281006
user;8;1000000;1250;0.00522424316406
user;12;100;83;0.000389989600124
user;12;1000;83;0.000262855047203
9
user;12;10000;83;0.0005573479526stduser;12;100000;83;0.0014385171std;1user;12;1000000;83;0.00961645827236
100000;83;0.00154492941247
user;12;100;833;0.000238738283247

user;12;1000;833;0.00025862777361stuser;12;10000;833;0.000357979629std;user;12;100000;833;0.0009672160std;12;100000;833;0.00028182478512
std;12;1000000;833;0.00232530384361
std;16;100;62;7.68707644555e-05
std;16;1000;62;9.47560033491e-05
std;16;10000;62;0.0014252431931
3598
std;16;100000;62;0.002568614098usestd;16;1000000;62;0.0041946595user;std;16;100;625;0.000204353713userstd;16;1000;625;0.000195687866211
std;16;10000;625;0.000216228866577
std;16;100000;625;0.000546115112305user;16;100;625;0.000588272094727
user;16;1000;625;0.000590587234497
user;16;10000;625;0.000748645019531
std;20;100;50;0.00189874172211
std;20;1000;50;0.00261447906494
std;20;10000;50;0.00256350040436
96
std;20;100000;50;0.00436560153961
std;20;1000000;50;0.00812564373016
std;20;100;500;0.000295415878296
std;20;1000;500;0.000442279815674
std;20;10000;500;0.000435222148895

std;20;100000;500;0.000832919597user;20;1000;50;0.00675739765167
user;20;10000;50;0.00678219795227
user;20;100000;50;0.00899172306061

std;24;100;41;0.00278397304256
std;24;1000;41;0.00217080697781
std;24;10000;41;0.00412931674864
4
std;24;100000;41;0.00482819138504ustd;24;1000000;41;0.0063060260400usstd;24;100;416;0.000326007031477
std;24;1000;416;0.000696163911086
2
std;24;10000;416;0.000528699503495
std;24;100000;416;0.000998598451798
std;24;1000000;416;0.00266129810076
user;20;1000000;500;0.017844645977
user;24;100;41;0.0136532434603
user;24;1000;41;0.0109173670048
user;24;10000;41;0.0167784632706
user;24;100000;41;0.0145101721694
user;24;1000000;41;0.0339084136777
user;24;100;416;0.00162601642884
user;24;1000;416;0.00156644674448
user;24;10000;416;0.00167962736808
user;24;100000;416;0.00366655278664
user;24;1000000;416;0.0216479255603
